<?xml version="1.0" encoding="UTF-8" ?>
<testsuite failures="0" time="105.736" errors="1" skipped="0" tests="1" name="com.yonyou.bpm.test.WebserviceTest">
  <properties>
[...]
</properties>
  <testcase time="105.734" classname="com.yonyou.bpm.test.WebserviceTest" name="test">
    <error message="Failed to create service." type="org.apache.cxf.service.factory.ServiceConstructionException">org.apache.cxf.service.factory.ServiceConstructionException: Failed to create service.
	at org.apache.cxf.wsdl11.WSDLServiceFactory.&lt;init&gt;(WSDLServiceFactory.java:86)
	at org.apache.cxf.endpoint.dynamic.DynamicClientFactory.createClient(DynamicClientFactory.java:295)
	at org.apache.cxf.endpoint.dynamic.DynamicClientFactory.createClient(DynamicClientFactory.java:240)
	at org.apache.cxf.endpoint.dynamic.DynamicClientFactory.createClient(DynamicClientFactory.java:233)
	at org.apache.cxf.endpoint.dynamic.DynamicClientFactory.createClient(DynamicClientFactory.java:188)
	at com.yonyou.bpm.test.WebserviceTest.test(WebserviceTest.java:33)
	at sun.reflect.NativeMethodAccessorImpl.invoke0(Native Method)
	at sun.reflect.NativeMethodAccessorImpl.invoke(Unknown Source)
	at sun.reflect.DelegatingMethodAccessorImpl.invoke(Unknown Source)
	at java.lang.reflect.Method.invoke(Unknown Source)
	at org.junit.runners.model.FrameworkMethod$1.runReflectiveCall(FrameworkMethod.java:47)
	at org.junit.internal.runners.model.ReflectiveCallable.run(ReflectiveCallable.java:12)
	at org.junit.runners.model.FrameworkMethod.invokeExplosively(FrameworkMethod.java:44)
	at org.junit.internal.runners.statements.InvokeMethod.evaluate(InvokeMethod.java:17)
	at org.junit.runners.ParentRunner.runLeaf(ParentRunner.java:271)
	at org.junit.runners.BlockJUnit4ClassRunner.runChild(BlockJUnit4ClassRunner.java:70)
	at org.junit.runners.BlockJUnit4ClassRunner.runChild(BlockJUnit4ClassRunner.java:50)
	at org.junit.runners.ParentRunner$3.run(ParentRunner.java:238)
	at org.junit.runners.ParentRunner$1.schedule(ParentRunner.java:63)
	at org.junit.runners.ParentRunner.runChildren(ParentRunner.java:236)
	at org.junit.runners.ParentRunner.access$000(ParentRunner.java:53)
	at org.junit.runners.ParentRunner$2.evaluate(ParentRunner.java:229)
	at org.junit.runners.ParentRunner.run(ParentRunner.java:309)
	at org.apache.maven.surefire.junit4.JUnit4TestSet.execute(JUnit4TestSet.java:35)
	at org.apache.maven.surefire.junit4.JUnit4Provider.executeTestSet(JUnit4Provider.java:146)
	at org.apache.maven.surefire.junit4.JUnit4Provider.invoke(JUnit4Provider.java:97)
	at sun.reflect.NativeMethodAccessorImpl.invoke0(Native Method)
	at sun.reflect.NativeMethodAccessorImpl.invoke(Unknown Source)
	at sun.reflect.DelegatingMethodAccessorImpl.invoke(Unknown Source)
	at java.lang.reflect.Method.invoke(Unknown Source)
	at org.apache.maven.surefire.booter.ProviderFactory$ClassLoaderProxy.invoke(ProviderFactory.java:103)
	at com.sun.proxy.$Proxy0.invoke(Unknown Source)
	at org.apache.maven.surefire.booter.SurefireStarter.invokeProvider(SurefireStarter.java:145)
	at org.apache.maven.surefire.booter.SurefireStarter.runSuitesInProcess(SurefireStarter.java:87)
	at org.apache.maven.surefire.booter.ForkedBooter.main(ForkedBooter.java:69)
Caused by: javax.wsdl.WSDLException: WSDLException: faultCode=PARSER_ERROR: Problem parsing &apos;http://20.12.13.110/uapws/service/nc.pub.pu.m21.bpm.OrderApproveService?wsdl&apos;.: java.net.ConnectException: Connection timed out: connect
	at com.ibm.wsdl.xml.WSDLReaderImpl.getDocument(Unknown Source)
	at com.ibm.wsdl.xml.WSDLReaderImpl.readWSDL(Unknown Source)
	at com.ibm.wsdl.xml.WSDLReaderImpl.readWSDL(Unknown Source)
	at org.apache.cxf.wsdl11.WSDLManagerImpl.loadDefinition(WSDLManagerImpl.java:250)
	at org.apache.cxf.wsdl11.WSDLManagerImpl.getDefinition(WSDLManagerImpl.java:193)
	at org.apache.cxf.wsdl11.WSDLServiceFactory.&lt;init&gt;(WSDLServiceFactory.java:84)
	... 34 more
Caused by: java.net.ConnectException: Connection timed out: connect
	at java.net.DualStackPlainSocketImpl.connect0(Native Method)
	at java.net.DualStackPlainSocketImpl.socketConnect(Unknown Source)
	at java.net.AbstractPlainSocketImpl.doConnect(Unknown Source)
	at java.net.AbstractPlainSocketImpl.connectToAddress(Unknown Source)
	at java.net.AbstractPlainSocketImpl.connect(Unknown Source)
	at java.net.PlainSocketImpl.connect(Unknown Source)
	at java.net.SocksSocketImpl.connect(Unknown Source)
	at java.net.Socket.connect(Unknown Source)
	at java.net.Socket.connect(Unknown Source)
	at sun.net.NetworkClient.doConnect(Unknown Source)
	at sun.net.www.http.HttpClient.openServer(Unknown Source)
	at sun.net.www.http.HttpClient.openServer(Unknown Source)
	at sun.net.www.http.HttpClient.&lt;init&gt;(Unknown Source)
	at sun.net.www.http.HttpClient.New(Unknown Source)
	at sun.net.www.http.HttpClient.New(Unknown Source)
	at sun.net.www.protocol.http.HttpURLConnection.getNewHttpClient(Unknown Source)
	at sun.net.www.protocol.http.HttpURLConnection.plainConnect(Unknown Source)
	at sun.net.www.protocol.http.HttpURLConnection.connect(Unknown Source)
	at sun.net.www.protocol.http.HttpURLConnection.getInputStream(Unknown Source)
	at org.apache.xerces.impl.XMLEntityManager.setupCurrentEntity(Unknown Source)
	at org.apache.xerces.impl.XMLVersionDetector.determineDocVersion(Unknown Source)
	at org.apache.xerces.parsers.XML11Configuration.parse(Unknown Source)
	at org.apache.xerces.parsers.XML11Configuration.parse(Unknown Source)
	at org.apache.xerces.parsers.XMLParser.parse(Unknown Source)
	at org.apache.xerces.parsers.DOMParser.parse(Unknown Source)
	at org.apache.xerces.jaxp.DocumentBuilderImpl.parse(Unknown Source)
	... 40 more
</error>
    <system-out>@SLTests run: 2, Failures: 0, Errors: 1, Skipped: 0, Time elapsed: 1.149 sec &lt;&lt;&lt; FAILURE!
@SLRunning com.yonyou.bpm.test.WebserviceTest
</system-out>
  </testcase>
</testsuite>